{
  "RSpec": {
    "coverage": {
      "/Users/James/Projects/bank_tech_test/spec/account_spec.rb": [
        1,
        null,
        1,
        1,
        1,
        1,
        1,
        1,
        null,
        null
      ],
      "/Users/James/Projects/bank_tech_test/lib/account.rb": [
        1,
        1,
        null,
        null,
        1,
        1,
        1,
        4,
        4,
        null,
        null,
        1,
        2,
        null,
        null,
        1,
        1,
        null,
        null,
        1,
        1,
        null,
        null
      ],
      "/Users/James/Projects/bank_tech_test/lib/statement.rb": [
        1,
        null,
        null,
        1,
        1,
        3,
        null,
        null,
        1,
        1,
        null,
        null
      ],
      "/Users/James/Projects/bank_tech_test/lib/transaction.rb": [
        null,
        1,
        1,
        null,
        1,
        7,
        7,
        null,
        null,
        null,
        1,
        1,
        1,
        null,
        null,
        null,
        1,
        1,
        1,
        null,
        null,
        null
      ],
      "/Users/James/Projects/bank_tech_test/spec/features/user_can_deposit_spec.rb": [
        1,
        1,
        1,
        null,
        1,
        1,
        1,
        1,
        1,
        1,
        null,
        null,
        null,
        null
      ],
      "/Users/James/Projects/bank_tech_test/spec/features/user_can_print_statement_spec.rb": [
        1,
        1,
        1,
        null,
        1,
        1,
        1,
        1,
        null,
        null,
        null,
        null,
        null
      ],
      "/Users/James/Projects/bank_tech_test/spec/features/user_can_withdraw_spec.rb": [
        1,
        1,
        1,
        null,
        1,
        1,
        1,
        1,
        1,
        1,
        null,
        null,
        null,
        null
      ],
      "/Users/James/Projects/bank_tech_test/spec/statement_spec.rb": [
        1,
        null,
        1,
        1,
        null,
        null
      ],
      "/Users/James/Projects/bank_tech_test/spec/transactions_spec.rb": [
        1,
        null,
        1,
        1,
        null,
        null
      ]
    },
    "timestamp": 1556794323
  }
}
